info it worked if it ends with ok
verbose cli [ 'node',
verbose cli   '/usr/local/bin/npm',
verbose cli   'install',
verbose cli   '-g',
verbose cli   'synchronous' ]
info using npm@1.0.8
info using node@v0.4.8
verbose config file /home/tree/.npmrc
verbose config file /usr/local/etc/npmrc
verbose into /usr/local/lib [ 'synchronous' ]
verbose cache add [ 'synchronous', null ]
info addNamed [ 'synchronous', '' ]
verbose addNamed [ null, '' ]
verbose GET synchronous
verbose raw, before any munging synchronous
verbose url resolving [ 'http://registry.npmjs.org/', './synchronous' ]
verbose url resolved http://registry.npmjs.org/synchronous
verbose url parsed { protocol: 'http:',
verbose url parsed   slashes: true,
verbose url parsed   host: 'registry.npmjs.org',
verbose url parsed   hostname: 'registry.npmjs.org',
verbose url parsed   href: 'http://registry.npmjs.org/synchronous',
verbose url parsed   pathname: '/synchronous' }
verbose response http://registry.npmjs.org/synchronous
silly chunk {"_id":"synchronous","_rev":"7-bf89d61f001d994429e0fd12c26c2676","name":"synchronous","description":"Synchronous Node.JS","dist-tags":{"latest":"0.1.2"},"versions":{"0.1.0":{"name":"synchronous","description":"Synchronous Node.JS","version":"0.1.0","homepage":"https://github.com/chriso/synchronous","author":{"name":"Chris O'Hara","email":"cohara87@gmail.com"},"main":"index","bugs":{"email":"cohara87@gmail.com","url":"http://github.com/chriso/synchronous/issues"},"repository":{"type":"git","url":"git://github.com/chriso/synchronous.git"},"engines":{"node":">= 0.4.0"},"dependencies":{"fibers":">= 0.2.6"},"preferGlobal":true,"licenses":[{"type":"MIT","url":"http://github.com/chriso/synchronous/raw/master/LICENSE"}],"devDependencies":{},"_id":"synchronous@0.1.0","_engineSupported":true,"_npmVersion":"1.0.6","_nodeVersion":"v0.4.8","_defaultsLoaded":true,"dist":{"shasum":"911d4b6f2d61cbb9f2d36a8cbc39a175e6989fa4","tarball":"http://registry.npmjs.org/synchronous/-/synchronous-0.1.0.tgz"},"scripts":{},"directories":{}},"0.1.1":{"name":"synchronous","description":"Synchronous Node.JS","version":"0.1.1","homepage":"https://github.com/chriso/synchronous","author":{"name":"Chris O'Hara","email":"cohara87@gmail.com"},"main":"index","bugs":{"email":"cohara87@gmail.com","url":"http://github.com/chriso/synchronous/issues"},"repository":{"type":"git","url":"git://github.com/chriso/synchronous.git"},"engines":{"node":">= 0.4.0"},"dependencies":{"fibers":">= 0.2.6"},"preferGlobal":true,"licenses":[{"type":"MIT","url":"http://github.com/chriso/synchronous/raw/master/LICENSE"}],"devDependencies":{},"_id":"synchronous@0.1.1","_engineSupported":true,"_npmVersion":"1.0.6","_nodeVersion":"v0.4.8","_defaultsLoaded":true,"dist":{"shasum":"6e349989767021f9e6904fb8f45885cb4e7fdfcb","tarball":"http://registry.npmjs.org/synchronous/-/synchronous-0.1.1.tgz"},"scripts":{},"directories":{}},"0.1.2":{"name":"synchronous","description":"Synchronous Node.JS","version":"0.1.2","homepage":"https://github.com/chriso/synchronous","author":{"name":"Chris O'Hara","email":"cohara87@gmail.com"},"main":"index","bugs":{"email":"cohara87@gmail.com","url":"http://github.com/chriso/synchronous/issues"},"repository":{"type":"git","url":"git://github.com/chriso/synchronous.git"},"engines":{"node":">= 0.4.0"},"dependencies":{"fibers":">= 0.2.6"},"preferGlobal":true,"licenses":[{"type":"MIT","url":"http://github.com/chriso/synchronous/raw/master/LICENSE"}],"devDependencies":{},"_id":"synchronous@0.1.2","_engineSupported":true,"_npmVersion":"1.0.6","_nodeVersion":"v0.4.8","_defaultsLoaded":true,"dist":{"shasum":"32a5722a0609522d2b3c281cf15c234e472b175e","tarball":"http://registry.npmjs.org/synchronous/-/synchronous-0.1.2.tgz"},"scripts":{},"directories":{}}},"maintainers":[{"name":"cohara87","email":"cohara87@gmail.com"}],"time":{"0.1.0":"2011-05-24T11:50:36.391Z","0.1.1":"2011-05-26T09:14:07.469Z","0.1.2":"2011-05-26T10:54:08.786Z"},"author":{"name":"Chris O'Hara","email":"cohara87@gmail.com"},"repository":{"type":"git","url":"git://github.com/chriso/synchronous.git"}}
silly get cb [ 200,
silly get cb   { vary: 'Accept',
silly get cb     server: 'CouchDB/1.1.0 (Erlang OTP/R14B)',
silly get cb     etag: '"7GIE27LERT9HWY4ALA892BNXM"',
silly get cb     date: 'Wed, 15 Jun 2011 21:06:59 GMT',
silly get cb     'content-type': 'application/json',
silly get cb     'content-length': '3072' } ]
verbose mkdir done: /home/tree/.npm/synchronous 755
verbose GET synchronous/0.1.2
verbose raw, before any munging synchronous/0.1.2
verbose url resolving [ 'http://registry.npmjs.org/',
verbose url resolving   './synchronous/0.1.2' ]
verbose url resolved http://registry.npmjs.org/synchronous/0.1.2
verbose url parsed { protocol: 'http:',
verbose url parsed   slashes: true,
verbose url parsed   host: 'registry.npmjs.org',
verbose url parsed   hostname: 'registry.npmjs.org',
verbose url parsed   href: 'http://registry.npmjs.org/synchronous/0.1.2',
verbose url parsed   pathname: '/synchronous/0.1.2' }
verbose response http://registry.npmjs.org/synchronous/0.1.2
silly chunk {"name":"synchronous","description":"Synchronous Node.JS","version":"0.1.2","homepage":"https://github.com/chriso/synchronous","author":{"name":"Chris O'Hara","email":"cohara87@gmail.com"},"main":"index","bugs":{"email":"cohara87@gmail.com","url":"http://github.com/chriso/synchronous/issues"},"repository":{"type":"git","url":"git://github.com/chriso/synchronous.git"},"engines":{"node":">= 0.4.0"},"dependencies":{"fibers":">= 0.2.6"},"preferGlobal":true,"licenses":[{"type":"MIT","url":"http://github.com/chriso/synchronous/raw/master/LICENSE"}],"devDependencies":{},"_id":"synchronous@0.1.2","_engineSupported":true,"_npmVersion":"1.0.6","_nodeVersion":"v0.4.8","_defaultsLoaded":true,"dist":{"shasum":"32a5722a0609522d2b3c281cf15c234e472b175e","tarball":"http://registry.npmjs.org/synchronous/-/synchronous-0.1.2.tgz"},"scripts":{},"directories":{}}
silly get cb [ 200,
silly get cb   { vary: 'Accept',
silly get cb     server: 'CouchDB/1.1.0 (Erlang OTP/R14B)',
silly get cb     etag: '"7GIE27LERT9HWY4ALA892BNXM"',
silly get cb     date: 'Wed, 15 Jun 2011 21:07:00 GMT',
silly get cb     'content-type': 'application/json',
silly get cb     'content-length': '854' } ]
verbose mkdir done: /home/tree/.npm/synchronous/0.1.2 755
verbose bin dist [ '0.4-ares1.7.4-ev4.4-openssl0.9.8n-v83.4.1-freebsd-8.1-PRERELEASE',
verbose bin dist   { shasum: '32a5722a0609522d2b3c281cf15c234e472b175e',
verbose bin dist     tarball: 'http://registry.npmjs.org/synchronous/-/synchronous-0.1.2.tgz' } ]
verbose addRemoteTarball [ 'http://registry.npmjs.org/synchronous/-/synchronous-0.1.2.tgz',
verbose addRemoteTarball   '32a5722a0609522d2b3c281cf15c234e472b175e' ]
verbose mkdir done: /tmp/npm-1308172063025/1308172063025-0.8588627865538001 755
info fetch http://registry.npmjs.org/synchronous/-/synchronous-0.1.2.tgz
verbose fetch to /tmp/npm-1308172063025/1308172063025-0.8588627865538001/tmp.tgz
silly updated sha bytes 2540
info shasum 32a5722a0609522d2b3c281cf15c234e472b175e
info shasum /tmp/npm-1308172063025/1308172063025-0.8588627865538001/tmp.tgz
verbose mkdir done: /tmp/npm-1308172063025/1308172063025-0.8588627865538001/contents/___package.npm 755
verbose unpack_ uid, gid [ undefined, undefined ]
verbose unpackTarget /tmp/npm-1308172063025/1308172063025-0.8588627865538001/contents/package
silly gunzTarPerm modes [ '755', '644' ]
verbose success gzip "--decompress" "--stdout" "/tmp/npm-1308172063025/1308172063025-0.8588627865538001/tmp.tgz"
verbose success tar "-mvxpf" "-" "--no-same-owner" "-C" "/tmp/npm-1308172063025/1308172063025-0.8588627865538001/contents/___package.npm"
silly asyncMap in gTP /tmp/npm-1308172063025/1308172063025-0.8588627865538001/contents/___package.npm/package/
silly asyncMap in gTP /tmp/npm-1308172063025/1308172063025-0.8588627865538001/contents/___package.npm/package/package.json
silly asyncMap in gTP /tmp/npm-1308172063025/1308172063025-0.8588627865538001/contents/___package.npm/package/README.md
silly asyncMap in gTP /tmp/npm-1308172063025/1308172063025-0.8588627865538001/contents/___package.npm/package/LICENSE
silly asyncMap in gTP /tmp/npm-1308172063025/1308172063025-0.8588627865538001/contents/___package.npm/package/index.js
silly asyncMap in gTP /tmp/npm-1308172063025/1308172063025-0.8588627865538001/contents/___package.npm/package/lib/
silly asyncMap in gTP /tmp/npm-1308172063025/1308172063025-0.8588627865538001/contents/___package.npm/package/lib/prototype.js
silly asyncMap in gTP /tmp/npm-1308172063025/1308172063025-0.8588627865538001/contents/___package.npm/package/lib/synchronous.js
silly asyncMap in gTP /tmp/npm-1308172063025/1308172063025-0.8588627865538001/contents/___package.npm/package/lib/server.js
verbose gunzed /tmp/npm-1308172063025/1308172063025-0.8588627865538001/contents/___package.npm/package
verbose rm'ed /tmp/npm-1308172063025/1308172063025-0.8588627865538001/contents/package
verbose renamed [ '/tmp/npm-1308172063025/1308172063025-0.8588627865538001/contents/___package.npm/package',
verbose renamed   '/tmp/npm-1308172063025/1308172063025-0.8588627865538001/contents/package' ]
silly testEngine { name: 'synchronous',
silly testEngine   description: 'Synchronous Node.JS',
silly testEngine   version: '0.1.2',
silly testEngine   homepage: 'https://github.com/chriso/synchronous',
silly testEngine   author: { name: 'Chris O\'Hara', email: 'cohara87@gmail.com' },
silly testEngine   main: 'index',
silly testEngine   bugs: 
silly testEngine    { email: 'cohara87@gmail.com',
silly testEngine      url: 'http://github.com/chriso/synchronous/issues' },
silly testEngine   repository: 
silly testEngine    { type: 'git',
silly testEngine      url: 'git://github.com/chriso/synchronous.git' },
silly testEngine   engines: { node: '>= 0.4.0' },
silly testEngine   dependencies: { fibers: '>= 0.2.6' },
silly testEngine   preferGlobal: true,
silly testEngine   licenses: 
silly testEngine    [ { type: 'MIT',
silly testEngine        url: 'http://github.com/chriso/synchronous/raw/master/LICENSE' } ],
silly testEngine   _id: 'synchronous@0.1.2',
silly testEngine   devDependencies: {},
silly testEngine   _engineSupported: true,
silly testEngine   _npmVersion: '1.0.8',
silly testEngine   _nodeVersion: 'v0.4.8',
silly testEngine   _defaultsLoaded: true,
silly testEngine   path: '/tmp/npm-1308172063025/1308172063025-0.8588627865538001/contents/package' }
verbose caching /tmp/npm-1308172063025/1308172063025-0.8588627865538001/contents/package/package.json
verbose loadDefaults synchronous@0.1.2
verbose tarball contents [ 'package' ]
verbose from cache /tmp/npm-1308172063025/1308172063025-0.8588627865538001/contents/package/package.json
verbose pack /tmp/npm-1308172063025/1308172063025-0.8588627865538001/contents/package /home/tree/.npm/synchronous/0.1.2/package.tgz
verbose mkdir'ed /home/tree/.npm/synchronous/0.1.2
verbose tar about to write tar and gzip it.
silly tar args [ '-cvf',
silly tar args   '-',
silly tar args   'package/package.json',
silly tar args   'package/README.md',
silly tar args   'package/LICENSE',
silly tar args   'package/index.js',
silly tar args   'package/lib/prototype.js',
silly tar args   'package/lib/synchronous.js',
silly tar args   'package/lib/server.js' ]
verbose success tar -cvf - <file list elided>
verbose success gzip "--stdout"
verbose mkdir done: /home/tree/.npm/synchronous/0.1.2/___package.npm 755
verbose unpack_ uid, gid [ undefined, undefined ]
verbose unpackTarget /home/tree/.npm/synchronous/0.1.2/package
silly gunzTarPerm modes [ '755', '644' ]
verbose success gzip "--decompress" "--stdout" "/home/tree/.npm/synchronous/0.1.2/package.tgz"
verbose success tar "-mvxpf" "-" "--no-same-owner" "-C" "/home/tree/.npm/synchronous/0.1.2/___package.npm"
silly asyncMap in gTP /home/tree/.npm/synchronous/0.1.2/___package.npm/package/
silly asyncMap in gTP /home/tree/.npm/synchronous/0.1.2/___package.npm/package/index.js
silly asyncMap in gTP /home/tree/.npm/synchronous/0.1.2/___package.npm/package/package.json
silly asyncMap in gTP /home/tree/.npm/synchronous/0.1.2/___package.npm/package/README.md
silly asyncMap in gTP /home/tree/.npm/synchronous/0.1.2/___package.npm/package/LICENSE
silly asyncMap in gTP /home/tree/.npm/synchronous/0.1.2/___package.npm/package/lib/
silly asyncMap in gTP /home/tree/.npm/synchronous/0.1.2/___package.npm/package/lib/synchronous.js
silly asyncMap in gTP /home/tree/.npm/synchronous/0.1.2/___package.npm/package/lib/prototype.js
silly asyncMap in gTP /home/tree/.npm/synchronous/0.1.2/___package.npm/package/lib/server.js
verbose gunzed /home/tree/.npm/synchronous/0.1.2/___package.npm/package
verbose rm'ed /home/tree/.npm/synchronous/0.1.2/package
verbose renamed [ '/home/tree/.npm/synchronous/0.1.2/___package.npm/package',
verbose renamed   '/home/tree/.npm/synchronous/0.1.2/package' ]
silly testEngine { name: 'synchronous',
silly testEngine   description: 'Synchronous Node.JS',
silly testEngine   version: '0.1.2',
silly testEngine   homepage: 'https://github.com/chriso/synchronous',
silly testEngine   author: { name: 'Chris O\'Hara', email: 'cohara87@gmail.com' },
silly testEngine   main: 'index',
silly testEngine   bugs: 
silly testEngine    { email: 'cohara87@gmail.com',
silly testEngine      url: 'http://github.com/chriso/synchronous/issues' },
silly testEngine   repository: 
silly testEngine    { type: 'git',
silly testEngine      url: 'git://github.com/chriso/synchronous.git' },
silly testEngine   engines: { node: '>= 0.4.0' },
silly testEngine   dependencies: { fibers: '>= 0.2.6' },
silly testEngine   preferGlobal: true,
silly testEngine   licenses: 
silly testEngine    [ { type: 'MIT',
silly testEngine        url: 'http://github.com/chriso/synchronous/raw/master/LICENSE' } ],
silly testEngine   _id: 'synchronous@0.1.2',
silly testEngine   devDependencies: {},
silly testEngine   _engineSupported: true,
silly testEngine   _npmVersion: '1.0.8',
silly testEngine   _nodeVersion: 'v0.4.8',
silly testEngine   _defaultsLoaded: true,
silly testEngine   dist: { shasum: '4e4ee05f7fcde11fac014f74d65192e3655b9252' } }
verbose caching /home/tree/.npm/synchronous/0.1.2/package/package.json
verbose loadDefaults synchronous@0.1.2
silly updated sha bytes 2533
info shasum 4e4ee05f7fcde11fac014f74d65192e3655b9252
info shasum /home/tree/.npm/synchronous/0.1.2/package.tgz
verbose from cache /home/tree/.npm/synchronous/0.1.2/package/package.json
verbose chmod /home/tree/.npm/synchronous/0.1.2/package.json 644
verbose chmod /home/tree/.npm/synchronous/0.1.2/package.tgz 644
silly resolved [ { name: 'synchronous',
silly resolved     description: 'Synchronous Node.JS',
silly resolved     version: '0.1.2',
silly resolved     homepage: 'https://github.com/chriso/synchronous',
silly resolved     author: { name: 'Chris O\'Hara', email: 'cohara87@gmail.com' },
silly resolved     main: 'index',
silly resolved     bugs: 
silly resolved      { email: 'cohara87@gmail.com',
silly resolved        url: 'http://github.com/chriso/synchronous/issues' },
silly resolved     repository: 
silly resolved      { type: 'git',
silly resolved        url: 'git://github.com/chriso/synchronous.git' },
silly resolved     engines: { node: '>= 0.4.0' },
silly resolved     dependencies: { fibers: '>= 0.2.6' },
silly resolved     preferGlobal: true,
silly resolved     licenses: 
silly resolved      [ { type: 'MIT',
silly resolved          url: 'http://github.com/chriso/synchronous/raw/master/LICENSE' } ],
silly resolved     _id: 'synchronous@0.1.2',
silly resolved     devDependencies: {},
silly resolved     _engineSupported: true,
silly resolved     _npmVersion: '1.0.8',
silly resolved     _nodeVersion: 'v0.4.8',
silly resolved     _defaultsLoaded: true,
silly resolved     dist: { shasum: '4e4ee05f7fcde11fac014f74d65192e3655b9252' } } ]
info into /usr/local/lib synchronous@0.1.2
info installOne synchronous@0.1.2
info unbuild /usr/local/lib/node_modules/synchronous
silly testEngine { name: 'synchronous',
silly testEngine   description: 'Synchronous Node.JS',
silly testEngine   version: '0.1.2',
silly testEngine   homepage: 'https://github.com/chriso/synchronous',
silly testEngine   author: { name: 'Chris O\'Hara', email: 'cohara87@gmail.com' },
silly testEngine   main: 'index',
silly testEngine   bugs: 
silly testEngine    { email: 'cohara87@gmail.com',
silly testEngine      url: 'http://github.com/chriso/synchronous/issues' },
silly testEngine   repository: 
silly testEngine    { type: 'git',
silly testEngine      url: 'git://github.com/chriso/synchronous.git' },
silly testEngine   engines: { node: '>= 0.4.0' },
silly testEngine   dependencies: { fibers: '>= 0.2.6' },
silly testEngine   preferGlobal: true,
silly testEngine   licenses: 
silly testEngine    [ { type: 'MIT',
silly testEngine        url: 'http://github.com/chriso/synchronous/raw/master/LICENSE' } ],
silly testEngine   _id: 'synchronous@0.1.2',
silly testEngine   devDependencies: {},
silly testEngine   _engineSupported: true,
silly testEngine   _npmVersion: '1.0.8',
silly testEngine   _nodeVersion: 'v0.4.8',
silly testEngine   _defaultsLoaded: true,
silly testEngine   dist: { shasum: '4e4ee05f7fcde11fac014f74d65192e3655b9252' } }
verbose caching /home/tree/.npm/synchronous/0.1.2/package.json
verbose unpack_ uid, gid [ undefined, undefined ]
verbose unpackTarget /usr/local/lib/node_modules/synchronous
ERR! Could not create /usr/local/lib/node_modules/___synchronous.npm
ERR! error installing synchronous@0.1.2 Error: EACCES, Permission denied '/usr/local/lib/node_modules/___synchronous.npm'
info unbuild /usr/local/lib/node_modules/synchronous
verbose installOne cb synchronous@0.1.2
ERR! Error: EACCES, Permission denied '/usr/local/lib/node_modules/___synchronous.npm'
ERR! 
ERR! Please use 'sudo' or log in as root to run this command.
ERR!     sudo npm "install" "-g" "synchronous"
ERR! or set the 'unsafe-perm' config var to true.
ERR!     npm config set unsafe-perm true
ERR! 
ERR! System FreeBSD 8.1-PRERELEASE
ERR! command "node" "/usr/local/bin/npm" "install" "-g" "synchronous"
verbose exit [ 13, true ]
